<?xml version="1.0" encoding="UTF-8"?>
<testng-results skipped="0" failed="0" ignored="0" total="1" passed="1">
  <reporter-output>
  </reporter-output>
  <suite name="Default suite" duration-ms="18825" started-at="2020-07-07T06:01:16Z" finished-at="2020-07-07T06:01:35Z">
    <groups>
    </groups>
    <test name="Default test" duration-ms="18825" started-at="2020-07-07T06:01:16Z" finished-at="2020-07-07T06:01:35Z">
      <class name="com.CIBDigitalTech.TestCases.UserList">
        <test-method status="PASS" signature="setup()[pri:0, instance:com.CIBDigitalTech.TestCases.UserList@7d9d1a19]" name="setup" is-config="true" duration-ms="9024" started-at="2020-07-07T06:01:16Z" finished-at="2020-07-07T06:01:25Z">
          <reporter-output>
          </reporter-output>
        </test-method> <!-- setup -->
        <test-method status="PASS" signature="userList()[pri:0, instance:com.CIBDigitalTech.TestCases.UserList@7d9d1a19]" name="userList" duration-ms="9699" started-at="2020-07-07T06:01:25Z" finished-at="2020-07-07T06:01:35Z">
          <reporter-output>
          </reporter-output>
        </test-method> <!-- userList -->
        <test-method status="PASS" signature="tearDown()[pri:0, instance:com.CIBDigitalTech.TestCases.UserList@7d9d1a19]" name="tearDown" is-config="true" duration-ms="0" started-at="2020-07-07T06:01:35Z" finished-at="2020-07-07T06:01:35Z">
          <reporter-output>
          </reporter-output>
        </test-method> <!-- tearDown -->
      </class> <!-- com.CIBDigitalTech.TestCases.UserList -->
    </test> <!-- Default test -->
  </suite> <!-- Default suite -->
</testng-results>
